<?xml version="1.0" encoding="UTF-8"?>
<!-- Generated by org.testng.reporters.JUnitReportReporter -->
<testsuite hostname="LAPTOP-RDDULODK" failures="0" tests="3" name="com.crm.qa.testcases.LoginPageTest" time="23.177" errors="0" timestamp="21 Aug 2022 15:14:28 GMT" skipped="0">
  <testcase classname="com.crm.qa.testcases.LoginPageTest" name="loginPageTitleTest" time="6.867"/>
  <testcase classname="com.crm.qa.testcases.LoginPageTest" name="crmLogoImageTest" time="6.315"/>
  <testcase classname="com.crm.qa.testcases.LoginPageTest" name="loginTest" time="9.995"/>
</testsuite> <!-- com.crm.qa.testcases.LoginPageTest -->
